d:\visualstudio\game\x64\release\vc142.pdb
d:\visualstudio\game\x64\release\shopandinfobar.obj
d:\visualstudio\game\x64\release\playercontroller.obj
d:\visualstudio\game\x64\release\player.obj
d:\visualstudio\game\x64\release\nonshootmob.obj
d:\visualstudio\game\x64\release\mobscontroller.obj
d:\visualstudio\game\x64\release\menu.obj
d:\visualstudio\game\x64\release\map.obj
d:\visualstudio\game\x64\release\game.obj
d:\visualstudio\game\x64\release\entitywalkshoot.obj
d:\visualstudio\game\x64\release\entitywalk.obj
d:\visualstudio\game\x64\release\entity.obj
d:\visualstudio\game\x64\release\camera.obj
d:\visualstudio\game\x64\release\bullet.obj
d:\visualstudio\game\x64\release\game.tlog\cl.command.1.tlog
d:\visualstudio\game\x64\release\game.tlog\cl.read.1.tlog
d:\visualstudio\game\x64\release\game.tlog\cl.write.1.tlog
d:\visualstudio\game\x64\release\game.tlog\link.command.1.tlog
d:\visualstudio\game\x64\release\game.tlog\link.read.1.tlog
d:\visualstudio\game\x64\release\game.tlog\link.write.1.tlog
