d:\visualstudio\game\x64\debug\vc142.pdb
d:\visualstudio\game\x64\debug\vc142.idb
d:\visualstudio\game\x64\debug\shopandinfobar.obj
d:\visualstudio\game\x64\debug\playercontroller.obj
d:\visualstudio\game\x64\debug\player.obj
d:\visualstudio\game\x64\debug\nonshootmob.obj
d:\visualstudio\game\x64\debug\mobscontroller.obj
d:\visualstudio\game\x64\debug\menu.obj
d:\visualstudio\game\x64\debug\map.obj
d:\visualstudio\game\x64\debug\game.obj
d:\visualstudio\game\x64\debug\entitywalkshoot.obj
d:\visualstudio\game\x64\debug\entitywalk.obj
d:\visualstudio\game\x64\debug\entity.obj
d:\visualstudio\game\x64\debug\camera.obj
d:\visualstudio\game\x64\debug\bullet.obj
d:\visualstudio\game\x64\debug\game.exe
d:\visualstudio\game\x64\debug\game.ilk
d:\visualstudio\game\x64\debug\game.pdb
d:\visualstudio\game\x64\debug\game.tlog\cl.command.1.tlog
d:\visualstudio\game\x64\debug\game.tlog\cl.read.1.tlog
d:\visualstudio\game\x64\debug\game.tlog\cl.write.1.tlog
d:\visualstudio\game\x64\debug\game.tlog\link.command.1.tlog
d:\visualstudio\game\x64\debug\game.tlog\link.read.1.tlog
d:\visualstudio\game\x64\debug\game.tlog\link.write.1.tlog
